[www.rutete.com/index.html]
[backblue.gif]
[fade.gif]
[index.html]
[assets-global.website-files.com/63864d9489a0a6d30c6acab4/css/rutete-lodge-ca784d70049028b42217447051.webflow.fc8e8dd81.css]
[use.typekit.net/nqe1xzi.js]
[cdn.prod.website-files.com/63864d9489a0a6d30c6acab4/63864d9489a0a657a06acb13_rutete logo favicon@2x 2.png]
[cdn.prod.website-files.com/63864d9489a0a6d30c6acab4/63864d9489a0a6813f6acb12_rutete logo favicon@2x.png]
[www.rutete.com/the-eco-lodge.html]
[www.rutete.com/our-philosophy.html]
[www.rutete.com/gallery.html]
[www.rutete.com/how-can-you-help.html]
[www.rutete.com/contact-us.html]
[www.rutete.com/bookings.html]
[cdn.prod.website-files.com/63864d9489a0a6d30c6acab4/65ee1a608b6b306ef24ed2f8_64ba5f4f83918b941bc1efd6_02-small.jpg]
[cdn.prod.website-files.com/63864d9489a0a6d30c6acab4/63864d9489a0a61a936acae0_Paper rip@2x.png]
[cdn.prod.website-files.com/63864d9489a0a6d30c6acab4/65ee18e206620d0d7bd6beab_64ba5f4f207f66103ebd3ddb_20-small.jpg]
[cdn.prod.website-files.com/63864d9489a0a6d30c6acab4/65ee1ac90fd2d28579a1acb0_64ba619842f7724f067ed314_22-small.jpg]
[cdn.prod.website-files.com/63864d9489a0a6d30c6acab4/65ee1b0ce679f7ec3c7a12e3_64ba605025caeeaf18ef918f_08-small.jpg]
[cdn.prod.website-files.com/63864d9489a0a6d30c6acab4/63864d9489a0a64ab96acae1_paper-rip-beige@2x.png]
[cdn.prod.website-files.com/63864d9489a0a6d30c6acab4/63864d9489a0a608dd6acb14_rutete logo @2x.png]
[d3e54v103j8qbb.cloudfront.net/js/jquery-3.5.1.min.dc5e7f18c8b749.js]
[assets-global.website-files.com/63864d9489a0a6d30c6acab4/js/webflow.466c7fc1c.js]
[cdnjs.cloudflare.com/ajax/libs/gsap/2.0.2/TweenMax.min.js]
[www.rutete.com/index.html]
[assets-global.website-files.com/63864d9489a0a6d30c6acab4/63864d9489a0a608ea6acae2_arrow right@2x.png]
[assets-global.website-files.com/63864d9489a0a6d30c6acab4/63864d9489a0a64d226acaec_arrow dark left@2x.png]
[cdnjs.cloudflare.com/ajax/libs/gsap/2.0.1/TweenMax.min.js]
[assets-global.website-files.com/63864d9489a0a6d30c6acab4/63864d9489a0a67b1b6acaeb_arrow dark right@2x.png]
[assets-global.website-files.com/63864d9489a0a6d30c6acab4/css/rutete-lodge-ca784d70049028b42217447051.webflow.fc8e8dd81.css]
[www.rutete.com/eco-lodge/business-industry-overview.html]
[cdn.prod.website-files.com/63864d9489a0a6d30c6acab4/63864d9489a0a661366acae3_lodgeS2-1.jpg]
[www.rutete.com/eco-lodge/the-park-and-its-surroundings.html]
[cdn.prod.website-files.com/63864d9489a0a6d30c6acab4/63864d9489a0a6cf8f6acae6_lodgeS2-2.jpg]
[www.rutete.com/the-eco-lodge.html]
[www.rutete.com/eco-lodge/the-story-behind-the-lodge.html]
[cdn.prod.website-files.com/63864d9489a0a6d30c6acab4/661583cc796404211fa08070_PHOTO-2023-07-04-15-21-45 copy.jpg]
[cdn.prod.website-files.com/63864d9489a0a6d30c6acab4/63864d9489a0a64b2a6acb07_p1@2x.png]
[cdn.prod.website-files.com/63864d9489a0a6d30c6acab4/63864d9489a0a61fb96acb0b_p2@2x.png]
[cdn.prod.website-files.com/63864d9489a0a6d30c6acab4/63864d9489a0a67c5f6acb09_p3@2x.png]
[cdn.prod.website-files.com/63864d9489a0a6d30c6acab4/63864d9489a0a6328d6acb0a_p4@2x.png]
[cdn.prod.website-files.com/63864d9489a0a6d30c6acab4/63864d9489a0a65f006acb08_p5@2x.png]
[cdn.prod.website-files.com/63864d9489a0a6d30c6acab4/63864d9489a0a64a046acb03_p6@2x.png]
[cdn.prod.website-files.com/63864d9489a0a6d30c6acab4/63864d9489a0a6220e6acb0c_p8@2x.png]
[cdn.prod.website-files.com/63864d9489a0a6d30c6acab4/63864d9489a0a651466acb06_p9@2x.png]
[cdn.prod.website-files.com/63864d9489a0a6d30c6acab4/63864d9489a0a65d406acaf1_p1.jpg]
[cdn.prod.website-files.com/63864d9489a0a6d30c6acab4/63864d9489a0a6911d6acaf2_p2.jpg]
[cdn.prod.website-files.com/63864d9489a0a6d30c6acab4/63864d9489a0a6701c6acaf4_p3.jpg]
[cdn.prod.website-files.com/63864d9489a0a6d30c6acab4/63864d9489a0a604af6acaf0_p.4.jpg]
[cdn.prod.website-files.com/63864d9489a0a6d30c6acab4/63864d9489a0a6046d6acaee_s1.jpg]
[cdn.prod.website-files.com/63864d9489a0a6d30c6acab4/63864d9489a0a600056acafa_s2.jpg]
[cdn.prod.website-files.com/63864d9489a0a6d30c6acab4/63864d9489a0a64b5b6acaf5_s3.jpg]
[cdn.prod.website-files.com/63864d9489a0a6d30c6acab4/63864d9489a0a696a46acaf8_s4.jpg]
[cdn.prod.website-files.com/63864d9489a0a6d30c6acab4/63864d9489a0a644f06acaf7_s5.jpg]
[cdn.prod.website-files.com/63864d9489a0a6d30c6acab4/63864d9489a0a63d676acaed_page rip beige dark@2x.png]
[www.rutete.com/our-philosophy.html]
[cdn.jsdelivr.net/npm/@splidejs/splide@v2.4.21/dist/js/splide.min.js]
[cdn.prod.website-files.com/63864d9489a0a6d30c6acab4/63864d9489a0a628856acb23_4.jpg]
[cdn.prod.website-files.com/63864d9489a0a6d30c6acab4/6615855794bb4a3ab0f2c7c1_embassadeur.jpg]
[cdn.prod.website-files.com/63864d9489a0a6d30c6acab4/65ee1a91a4fa94b64a0d367f_64ba619883918b941bc4618d_23-small.jpg]
[cdn.prod.website-files.com/63864d9489a0a6d30c6acab4/661582c7690886eaeda5bfdf_PHOTO-2024-04-03-18-24-35.jpg]
[cdn.prod.website-files.com/63864d9489a0a6d30c6acab4/661586dfa8c884ff819f265d_anes.jpg]
[www.rutete.com/gallery.html]
[cdn.prod.website-files.com/63864d9489a0a6d30c6acab4/63864d9489a0a628896acadd_hp-s3-3.jpg]
[www.rutete.com/how-can-you-help.html]
[cdn.prod.website-files.com/63864d9489a0a6d30c6acab4/65f0351c8efea1c90654e928_25-small.jpg]
[cdn.prod.website-files.com/63864d9489a0a6d30c6acab4/63864d9489a0a66f3f6acb11_contact2.jpg]
[www.rutete.com/contact-us.html]
[www.rutete.com/bookings.html]
[secured.sirvoy.com/widget/sirvoy.js]
[cdn.prod.website-files.com/63864d9489a0a6d30c6acab4/63864d9489a0a6fc946acaef_b.1.jpg]
[cdn.prod.website-files.com/63864d9489a0a6d30c6acab4/63864d9489a0a6cd086acaf6_b2.jpg]
[cdn.prod.website-files.com/63864d9489a0a6d30c6acab4/63864d9489a0a6cc006acaf9_b3.jpg]
[cdn.prod.website-files.com/63864d9489a0a6d30c6acab4/63864d9489a0a633ad6acb02_ob1@2x.png]
[cdn.prod.website-files.com/63864d9489a0a6d30c6acab4/63864d9489a0a6170c6acafd_ob2@2x.png]
[cdn.prod.website-files.com/63864d9489a0a6d30c6acab4/63864d9489a0a675cb6acb00_ob3@2x.png]
[cdn.prod.website-files.com/63864d9489a0a6d30c6acab4/63864d9489a0a646b16acafc_ob4@2x.png]
[cdn.prod.website-files.com/63864d9489a0a6d30c6acab4/63864d9489a0a60ca06acafb_ob5@2x.png]
[cdn.prod.website-files.com/63864d9489a0a6d30c6acab4/63864d9489a0a611736acb01_ob6@2x.png]
[cdn.prod.website-files.com/63864d9489a0a6d30c6acab4/63864d9489a0a6acff6acaff_ob7@2x.png]
[cdn.prod.website-files.com/63864d9489a0a6d30c6acab4/63864d9489a0a6252a6acafe_ob8@2x.png]
[cdn.prod.website-files.com/63864d9489a0a6d30c6acab4/63864d9489a0a662426acae9_bus3-1.jpg]
[www.rutete.com/eco-lodge/business-industry-overview.html]
[cdn.prod.website-files.com/63864d9489a0a6d30c6acab4/63864d9489a0a650ae6acadf_hp-hero.jpg]
[cdn.prod.website-files.com/63864d9489a0a6d30c6acab4/63864d9489a0a61f8b6acb0e_park1.jpg]
[cdn.prod.website-files.com/63864d9489a0a6d30c6acab4/63864d9489a0a62e296acb0d_park3.jpg]
[cdn.prod.website-files.com/63864d9489a0a6d30c6acab4/63864d9489a0a617b56acb0f_park2.jpg]
[www.rutete.com/eco-lodge/the-park-and-its-surroundings.html]
[cdn.prod.website-files.com/63864d9489a0a6d30c6acab4/65f034cb35237c9b18ca6dc9_04.jpg]
[cdn.prod.website-files.com/63864d9489a0a6d30c6acab4/63864d9489a0a617896acb1b_6.jpg]
[cdn.prod.website-files.com/63864d9489a0a6d30c6acab4/63864d9489a0a6c4c96acb18_5.jpg]
[cdn.prod.website-files.com/63864d9489a0a6d30c6acab4/63864d9489a0a6300a6acb16_1. Vue d'en bas.jpg]
[cdn.prod.website-files.com/63864d9489a0a6d30c6acab4/63864d9489a0a6d5576acb17_4.jpg]
[cdn.prod.website-files.com/63864d9489a0a6d30c6acab4/63864d9489a0a66b9e6acb19_2.jpg]
[www.rutete.com/eco-lodge/the-story-behind-the-lodge.html]
